<?xml version="1.0" encoding="utf-8" standalone="no"?>
<!--This file represents the results of running a test suite-->
<test-results name="C:\Users\lital morali\Documents\Analysis-Design\Coupons\TestUnit\bin\Debug\TestUnit.dll" total="10" errors="0" failures="0" not-run="0" inconclusive="0" ignored="0" skipped="0" invalid="0" date="2015-04-18" time="21:36:51">
  <environment nunit-version="2.6.4.14350" clr-version="2.0.50727.8009" os-version="Microsoft Windows NT 6.2.9200.0" platform="Win32NT" cwd="C:\Users\lital morali\Documents\Analysis-Design\Coupons\NUnit-2.6.4\bin" machine-name="LITAL" user="lital morali" user-domain="LITAL" />
  <culture-info current-culture="he-IL" current-uiculture="en-US" />
  <test-suite type="Assembly" name="C:\Users\lital morali\Documents\Analysis-Design\Coupons\TestUnit\bin\Debug\TestUnit.dll" executed="True" result="Success" success="True" time="0.664" asserts="0">
    <results>
      <test-suite type="Namespace" name="TestUnit" executed="True" result="Success" success="True" time="0.663" asserts="0">
        <results>
          <test-suite type="TestFixture" name="DBTester" executed="True" result="Success" success="True" time="0.661" asserts="0">
            <results>
              <test-case name="TestUnit.DBTester.deleteOwnerWithBusiness" executed="True" result="Success" success="True" time="0.068" asserts="0" />
              <test-case name="TestUnit.DBTester.editCustomer" executed="True" result="Success" success="True" time="0.065" asserts="1" />
              <test-case name="TestUnit.DBTester.editNonExistCustomer" executed="True" result="Success" success="True" time="0.032" asserts="1" />
              <test-case name="TestUnit.DBTester.insertAdmin" executed="True" result="Success" success="True" time="0.045" asserts="1" />
              <test-case name="TestUnit.DBTester.insertBusinessWithWrongOwner" executed="True" result="Success" success="True" time="0.047" asserts="0" />
              <test-case name="TestUnit.DBTester.InsertCustomerCategoryWithWrongCustomer" executed="True" result="Success" success="True" time="0.048" asserts="0" />
              <test-case name="TestUnit.DBTester.inserteBusinessWithWrongMoney" executed="True" result="Success" success="True" time="0.070" asserts="0" />
              <test-case name="TestUnit.DBTester.insertExistAdmin" executed="True" result="Success" success="True" time="0.047" asserts="0" />
              <test-case name="TestUnit.DBTester.removeowner" executed="True" result="Success" success="True" time="0.088" asserts="2" />
              <test-case name="TestUnit.DBTester.updateBusinessToWrongOwner" executed="True" result="Success" success="True" time="0.068" asserts="0" />
            </results>
          </test-suite>
        </results>
      </test-suite>
    </results>
  </test-suite>
</test-results>